**************************************************
NWBInspector Report Summary

Timestamp: 2023-12-13 05:13:56.026524+00:00
Platform: Linux-5.15.0-86-generic-x86_64-with
NWBInspector version: 0.4.31

Found 2 issues over 2 files:
       2 - ERROR
**************************************************


0  ERROR
========

0.0  /tmp/nwb_versions/sub-20221028-18-48-00_ses-20221028T184800.nwb: During io.read() - <class 'hdmf.build.errors.ConstructError'>: (root/general/optophysiology/NeuroPALImVol GroupBuilder {'attributes': {'namespace': 'ndx-multichannel-volume', 'neurodata_type': 'ImagingVolume', 'object_id': '30dc03ae-afd9-478e-a47d-37f257424820'}, 'groups': {'CyOFP1': root/general/optophysiology/NeuroPALImVol/CyOFP1 GroupBuilder {'attributes': {'namespace': 'ndx-multichannel-volume', 'neurodata_type': 'OpticalChannelPlus', 'object_id': 'd335f4f4-dec5-4d73-85b6-5048f3cfcc49'}, 'groups': {}, 'datasets': {'description': root/general/optophysiology/NeuroPALImVol/CyOFP1/description DatasetBuilder {'attributes': {}, 'data': 'Chroma ET 605/70'}, 'emission_lambda': root/general/optophysiology/NeuroPALImVol/CyOFP1/emission_lambda DatasetBuilder {'attributes': {}, 'data': 605.0}, 'emission_range': root/general/optophysiology/NeuroPALImVol/CyOFP1/emission_range DatasetBuilder {'attributes': {}, 'data': <HDF5 dataset "emission_range": shape (2,), type "<f8">}, 'excitation_lambda': root/general/optophysiology/NeuroPALImVol/CyOFP1/excitation_lambda DatasetBuilder {'attributes': {}, 'data': 488.0}, 'excitation_range': root/general/optophysiology/NeuroPALImVol/CyOFP1/excitation_range DatasetBuilder {'attributes': {}, 'data': <HDF5 dataset "excitation_range": shape (2,), type "<f8">}}, 'links': {}}, 'GFP-GCaMP': root/general/optophysiology/NeuroPALImVol/GFP-GCaMP GroupBuilder {'attributes': {'namespace': 'ndx-multichannel-volume', 'neurodata_type': 'OpticalChannelPlus', 'object_id': '321829e1-4105-4617-9f46-f619a2ab8857'}, 'groups': {}, 'datasets': {'description': root/general/optophysiology/NeuroPALImVol/GFP-GCaMP/description DatasetBuilder {'attributes': {}, 'data': 'Chroma ET 525/50'}, 'emission_lambda': root/general/optophysiology/NeuroPALImVol/GFP-GCaMP/emission_lambda DatasetBuilder {'attributes': {}, 'data': 525.0}, 'emission_range': root/general/optophysiology/NeuroPALImVol/GFP-GCaMP/emission_range DatasetBuilder {'attributes': {}, 'data': <HDF5 dataset "emission_range": shape (2,), type "<f8">}, 'excitation_lambda': root/general/optophysiology/NeuroPALImVol/GFP-GCaMP/excitation_lambda DatasetBuilder {'attributes': {}, 'data': 488.0}, 'excitation_range': root/general/optophysiology/NeuroPALImVol/GFP-GCaMP/excitation_range DatasetBuilder {'attributes': {}, 'data': <HDF5 dataset "excitation_range": shape (2,), type "<f8">}}, 'links': {}}, 'Tag RFP-T': root/general/optophysiology/NeuroPALImVol/Tag RFP-T GroupBuilder {'attributes': {'namespace': 'ndx-multichannel-volume', 'neurodata_type': 'OpticalChannelPlus', 'object_id': '4b25e342-4c2d-42a5-9187-7314fd569c70'}, 'groups': {}, 'datasets': {'description': root/general/optophysiology/NeuroPALImVol/Tag RFP-T/description DatasetBuilder {'attributes': {}, 'data': 'Chroma ET 605/70'}, 'emission_lambda': root/general/optophysiology/NeuroPALImVol/Tag RFP-T/emission_lambda DatasetBuilder {'attributes': {}, 'data': 605.0}, 'emission_range': root/general/optophysiology/NeuroPALImVol/Tag RFP-T/emission_range DatasetBuilder {'attributes': {}, 'data': <HDF5 dataset "emission_range": shape (2,), type "<f8">}, 'excitation_lambda': root/general/optophysiology/NeuroPALImVol/Tag RFP-T/excitation_lambda DatasetBuilder {'attributes': {}, 'data': 561.0}, 'excitation_range': root/general/optophysiology/NeuroPALImVol/Tag RFP-T/excitation_range DatasetBuilder {'attributes': {}, 'data': <HDF5 dataset "excitation_range": shape (2,), type "<f8">}}, 'links': {}}, 'mNeptune 2.5': root/general/optophysiology/NeuroPALImVol/mNeptune 2.5 GroupBuilder {'attributes': {'namespace': 'ndx-multichannel-volume', 'neurodata_type': 'OpticalChannelPlus', 'object_id': '17d9b43e-248c-447c-831e-d85500630eeb'}, 'groups': {}, 'datasets': {'description': root/general/optophysiology/NeuroPALImVol/mNeptune 2.5/description DatasetBuilder {'attributes': {}, 'data': 'Chroma ET 700/75'}, 'emission_lambda': root/general/optophysiology/NeuroPALImVol/mNeptune 2.5/emission_lambda DatasetBuilder {'attributes': {}, 'data': 700.0}, 'emission_range': root/general/optophysiology/NeuroPALImVol/mNeptune 2.5/emission_range DatasetBuilder {'attributes': {}, 'data': <HDF5 dataset "emission_range": shape (2,), type "<f8">}, 'excitation_lambda': root/general/optophysiology/NeuroPALImVol/mNeptune 2.5/excitation_lambda DatasetBuilder {'attributes': {}, 'data': 561.0}, 'excitation_range': root/general/optophysiology/NeuroPALImVol/mNeptune 2.5/excitation_range DatasetBuilder {'attributes': {}, 'data': <HDF5 dataset "excitation_range": shape (2,), type "<f8">}}, 'links': {}}, 'mNeptune 2.5-far red': root/general/optophysiology/NeuroPALImVol/mNeptune 2.5-far red GroupBuilder {'attributes': {'namespace': 'ndx-multichannel-volume', 'neurodata_type': 'OpticalChannelPlus', 'object_id': '07f420d2-3770-4845-a5ef-3ffd99800a76'}, 'groups': {}, 'datasets': {'description': root/general/optophysiology/NeuroPALImVol/mNeptune 2.5-far red/description DatasetBuilder {'attributes': {}, 'data': 'Chroma ET 700/75'}, 'emission_lambda': root/general/optophysiology/NeuroPALImVol/mNeptune 2.5-far red/emission_lambda DatasetBuilder {'attributes': {}, 'data': 700.0}, 'emission_range': root/general/optophysiology/NeuroPALImVol/mNeptune 2.5-far red/emission_range DatasetBuilder {'attributes': {}, 'data': <HDF5 dataset "emission_range": shape (2,), type "<f8">}, 'excitation_lambda': root/general/optophysiology/NeuroPALImVol/mNeptune 2.5-far red/excitation_lambda DatasetBuilder {'attributes': {}, 'data': 639.0}, 'excitation_range': root/general/optophysiology/NeuroPALImVol/mNeptune 2.5-far red/excitation_range DatasetBuilder {'attributes': {}, 'data': <HDF5 dataset "excitation_range": shape (2,), type "<f8">}}, 'links': {}}, 'mTagBFP2': root/general/optophysiology/NeuroPALImVol/mTagBFP2 GroupBuilder {'attributes': {'namespace': 'ndx-multichannel-volume', 'neurodata_type': 'OpticalChannelPlus', 'object_id': '82c8962d-1ef2-405a-89df-afff2dafb0d2'}, 'groups': {}, 'datasets': {'description': root/general/optophysiology/NeuroPALImVol/mTagBFP2/description DatasetBuilder {'attributes': {}, 'data': 'Chroma ET 460/50'}, 'emission_lambda': root/general/optophysiology/NeuroPALImVol/mTagBFP2/emission_lambda DatasetBuilder {'attributes': {}, 'data': 460.0}, 'emission_range': root/general/optophysiology/NeuroPALImVol/mTagBFP2/emission_range DatasetBuilder {'attributes': {}, 'data': <HDF5 dataset "emission_range": shape (2,), type "<f8">}, 'excitation_lambda': root/general/optophysiology/NeuroPALImVol/mTagBFP2/excitation_lambda DatasetBuilder {'attributes': {}, 'data': 405.0}, 'excitation_range': root/general/optophysiology/NeuroPALImVol/mTagBFP2/excitation_range DatasetBuilder {'attributes': {}, 'data': <HDF5 dataset "excitation_range": shape (2,), type "<f8">}}, 'links': {}}}, 'datasets': {'description': root/general/optophysiology/NeuroPALImVol/description DatasetBuilder {'attributes': {}, 'data': 'NeuroPAL image of C. elegans brain'}, 'excitation_lambda': root/general/optophysiology/NeuroPALImVol/excitation_lambda DatasetBuilder {'attributes': {}, 'data': 0.0}, 'grid_spacing': root/general/optophysiology/NeuroPALImVol/grid_spacing DatasetBuilder {'attributes': {'unit': 'micrometers'}, 'data': <HDF5 dataset "grid_spacing": shape (3,), type "<f8">}, 'indicator': root/general/optophysiology/NeuroPALImVol/indicator DatasetBuilder {'attributes': {}, 'data': ''}, 'location': root/general/optophysiology/NeuroPALImVol/location DatasetBuilder {'attributes': {}, 'data': 'head'}, 'origin_coords': root/general/optophysiology/NeuroPALImVol/origin_coords DatasetBuilder {'attributes': {'unit': 'micrometers'}, 'data': <HDF5 dataset "origin_coords": shape (3,), type "<f8">}, 'reference_frame': root/general/optophysiology/NeuroPALImVol/reference_frame DatasetBuilder {'attributes': {}, 'data': 'Worm head'}}, 'links': {'device': root/general/optophysiology/NeuroPALImVol/device LinkBuilder {'builder': root/general/devices/Spinning disk confocal GroupBuilder {'attributes': {'description': 'Leica DMi8 Inverted Microscope with Yokogawa CSU-W1 SoRA, 40x WI objective 1.1 NA', 'manufacturer': 'Leica, Yokogawa', 'namespace': 'core', 'neurodata_type': 'Device', 'object_id': 'af260345-d60f-4ef3-816a-cd2639404a0d'}, 'groups': {}, 'datasets': {}, 'links': {}}}, 'order_optical_channels': root/general/optophysiology/NeuroPALImVol/order_optical_channels LinkBuilder {'builder': root/processing/NeuroPAL/OpticalChannelRefs GroupBuilder {'attributes': {'namespace': 'ndx-multichannel-volume', 'neurodata_type': 'OpticalChannelReferences', 'object_id': '02fb4843-5a58-453a-a153-0a4688d9c93d'}, 'groups': {}, 'datasets': {'channels': root/processing/NeuroPAL/OpticalChannelRefs/channels DatasetBuilder {'attributes': {}, 'data': <StrDataset for HDF5 dataset "channels": shape (6,), type "|O">}}, 'links': {}}}}}, "Could not construct ImagingVolume object due to: Field 'order_optical_channels' on ImagingVolume must be named 'order_optical_channels'.") - 'None' object with name 'None'
       Message: Traceback (most recent call last):
  File "/usr/lib/python3.11/site-packages/hdmf/build/objectmapper.py", line 1258, in construct
    obj = self.__new_container__(cls, builder.source, parent, builder.attributes.get(self.__spec.id_key()),
          ^^^^^^^^^^^^^^^^^^^^^^^^^^^^^^^^^^^^^^^^^^^^^^^^^^^^^^^^^^^^^^^^^^^^^^^^^^^^^^^^^^^^^^^^^^^^^^^^^
  File "/usr/lib/python3.11/site-packages/hdmf/build/objectmapper.py", line 1271, in __new_container__
    obj.__init__(**kwargs)
  File "/usr/lib/python3.11/site-packages/hdmf/utils.py", line 664, in func_call
    return func(args[0], **pargs)
           ^^^^^^^^^^^^^^^^^^^^^^
  File "/usr/lib/python3.11/site-packages/hdmf/build/classgenerator.py", line 339, in __init__
    setattr(self, f, arg_val)
  File "/usr/lib/python3.11/site-packages/hdmf/container.py", line 528, in container_setter
    ret[idx2](self, val)  # call the previous setter
    ^^^^^^^^^^^^^^^^^^^^
  File "/usr/lib/python3.11/site-packages/hdmf/container.py", line 518, in container_setter
    raise ValueError(msg)
ValueError: Field 'order_optical_channels' on ImagingVolume must be named 'order_optical_channels'.

The above exception was the direct cause of the following exception:

Traceback (most recent call last):
  File "/usr/lib/python3.11/site-packages/nwbinspector/nwbinspector.py", line 566, in inspect_nwbfile
    nwbfile_object = robust_s3_read(command=io.read, max_retries=max_retries)
                     ^^^^^^^^^^^^^^^^^^^^^^^^^^^^^^^^^^^^^^^^^^^^^^^^^^^^^^^^
  File "/usr/lib/python3.11/site-packages/nwbinspector/utils.py", line 173, in robust_s3_read
    raise exc
  File "/usr/lib/python3.11/site-packages/nwbinspector/utils.py", line 168, in robust_s3_read
    return command(*command_args, **command_kwargs)
           ^^^^^^^^^^^^^^^^^^^^^^^^^^^^^^^^^^^^^^^^
  File "/usr/lib/python3.11/site-packages/hdmf/backends/hdf5/h5tools.py", line 479, in read
    return super().read(**kwargs)
           ^^^^^^^^^^^^^^^^^^^^^^
  File "/usr/lib/python3.11/site-packages/hdmf/utils.py", line 664, in func_call
    return func(args[0], **pargs)
           ^^^^^^^^^^^^^^^^^^^^^^
  File "/usr/lib/python3.11/site-packages/hdmf/backends/io.py", line 60, in read
    container = self.__manager.construct(f_builder)
                ^^^^^^^^^^^^^^^^^^^^^^^^^^^^^^^^^^^
  File "/usr/lib/python3.11/site-packages/hdmf/utils.py", line 664, in func_call
    return func(args[0], **pargs)
           ^^^^^^^^^^^^^^^^^^^^^^
  File "/usr/lib/python3.11/site-packages/hdmf/build/manager.py", line 284, in construct
    result = self.__type_map.construct(builder, self, None)
             ^^^^^^^^^^^^^^^^^^^^^^^^^^^^^^^^^^^^^^^^^^^^^^
  File "/usr/lib/python3.11/site-packages/hdmf/utils.py", line 664, in func_call
    return func(args[0], **pargs)
           ^^^^^^^^^^^^^^^^^^^^^^
  File "/usr/lib/python3.11/site-packages/hdmf/build/manager.py", line 795, in construct
    return obj_mapper.construct(builder, build_manager, parent)
           ^^^^^^^^^^^^^^^^^^^^^^^^^^^^^^^^^^^^^^^^^^^^^^^^^^^^
  File "/usr/lib/python3.11/site-packages/hdmf/utils.py", line 664, in func_call
    return func(args[0], **pargs)
           ^^^^^^^^^^^^^^^^^^^^^^
  File "/usr/lib/python3.11/site-packages/hdmf/build/objectmapper.py", line 1228, in construct
    subspecs = self.__get_subspec_values(builder, self.spec, manager)
               ^^^^^^^^^^^^^^^^^^^^^^^^^^^^^^^^^^^^^^^^^^^^^^^^^^^^^^
  File "/usr/lib/python3.11/site-packages/hdmf/build/objectmapper.py", line 1157, in __get_subspec_values
    self.__get_sub_builders(groups, spec.groups, manager, ret)
  File "/usr/lib/python3.11/site-packages/hdmf/build/objectmapper.py", line 1208, in __get_sub_builders
    ret.update(self.__get_subspec_values(sub_builder, subspec, manager))
               ^^^^^^^^^^^^^^^^^^^^^^^^^^^^^^^^^^^^^^^^^^^^^^^^^^^^^^^^
  File "/usr/lib/python3.11/site-packages/hdmf/build/objectmapper.py", line 1157, in __get_subspec_values
    self.__get_sub_builders(groups, spec.groups, manager, ret)
  File "/usr/lib/python3.11/site-packages/hdmf/build/objectmapper.py", line 1200, in __get_sub_builders
    sub_builder = self.__flatten(sub_builder, subspec, manager)
                  ^^^^^^^^^^^^^^^^^^^^^^^^^^^^^^^^^^^^^^^^^^^^^
  File "/usr/lib/python3.11/site-packages/hdmf/build/objectmapper.py", line 1213, in __flatten
    tmp = [manager.construct(b) for b in sub_builder]
          ^^^^^^^^^^^^^^^^^^^^^^^^^^^^^^^^^^^^^^^^^^^
  File "/usr/lib/python3.11/site-packages/hdmf/build/objectmapper.py", line 1213, in <listcomp>
    tmp = [manager.construct(b) for b in sub_builder]
           ^^^^^^^^^^^^^^^^^^^^
  File "/usr/lib/python3.11/site-packages/hdmf/utils.py", line 664, in func_call
    return func(args[0], **pargs)
           ^^^^^^^^^^^^^^^^^^^^^^
  File "/usr/lib/python3.11/site-packages/hdmf/build/manager.py", line 280, in construct
    result = self.__type_map.construct(builder, self, parent)
             ^^^^^^^^^^^^^^^^^^^^^^^^^^^^^^^^^^^^^^^^^^^^^^^^
  File "/usr/lib/python3.11/site-packages/hdmf/utils.py", line 664, in func_call
    return func(args[0], **pargs)
           ^^^^^^^^^^^^^^^^^^^^^^
  File "/usr/lib/python3.11/site-packages/hdmf/build/manager.py", line 795, in construct
    return obj_mapper.construct(builder, build_manager, parent)
           ^^^^^^^^^^^^^^^^^^^^^^^^^^^^^^^^^^^^^^^^^^^^^^^^^^^^
  File "/usr/lib/python3.11/site-packages/hdmf/utils.py", line 664, in func_call
    return func(args[0], **pargs)
           ^^^^^^^^^^^^^^^^^^^^^^
  File "/usr/lib/python3.11/site-packages/hdmf/build/objectmapper.py", line 1228, in construct
    subspecs = self.__get_subspec_values(builder, self.spec, manager)
               ^^^^^^^^^^^^^^^^^^^^^^^^^^^^^^^^^^^^^^^^^^^^^^^^^^^^^^
  File "/usr/lib/python3.11/site-packages/hdmf/build/objectmapper.py", line 1151, in __get_subspec_values
    ret[subspec] = manager.construct(links[subspec.name].builder)
                   ^^^^^^^^^^^^^^^^^^^^^^^^^^^^^^^^^^^^^^^^^^^^^^
  File "/usr/lib/python3.11/site-packages/hdmf/utils.py", line 664, in func_call
    return func(args[0], **pargs)
           ^^^^^^^^^^^^^^^^^^^^^^
  File "/usr/lib/python3.11/site-packages/hdmf/build/manager.py", line 280, in construct
    result = self.__type_map.construct(builder, self, parent)
             ^^^^^^^^^^^^^^^^^^^^^^^^^^^^^^^^^^^^^^^^^^^^^^^^
  File "/usr/lib/python3.11/site-packages/hdmf/utils.py", line 664, in func_call
    return func(args[0], **pargs)
           ^^^^^^^^^^^^^^^^^^^^^^
  File "/usr/lib/python3.11/site-packages/hdmf/build/manager.py", line 795, in construct
    return obj_mapper.construct(builder, build_manager, parent)
           ^^^^^^^^^^^^^^^^^^^^^^^^^^^^^^^^^^^^^^^^^^^^^^^^^^^^
  File "/usr/lib/python3.11/site-packages/hdmf/utils.py", line 664, in func_call
    return func(args[0], **pargs)
           ^^^^^^^^^^^^^^^^^^^^^^
  File "/usr/lib/python3.11/site-packages/hdmf/build/objectmapper.py", line 1262, in construct
    raise ConstructError(builder, msg) from ex
hdmf.build.errors.ConstructError: (root/general/optophysiology/NeuroPALImVol GroupBuilder {'attributes': {'namespace': 'ndx-multichannel-volume', 'neurodata_type': 'ImagingVolume', 'object_id': '30dc03ae-afd9-478e-a47d-37f257424820'}, 'groups': {'CyOFP1': root/general/optophysiology/NeuroPALImVol/CyOFP1 GroupBuilder {'attributes': {'namespace': 'ndx-multichannel-volume', 'neurodata_type': 'OpticalChannelPlus', 'object_id': 'd335f4f4-dec5-4d73-85b6-5048f3cfcc49'}, 'groups': {}, 'datasets': {'description': root/general/optophysiology/NeuroPALImVol/CyOFP1/description DatasetBuilder {'attributes': {}, 'data': 'Chroma ET 605/70'}, 'emission_lambda': root/general/optophysiology/NeuroPALImVol/CyOFP1/emission_lambda DatasetBuilder {'attributes': {}, 'data': 605.0}, 'emission_range': root/general/optophysiology/NeuroPALImVol/CyOFP1/emission_range DatasetBuilder {'attributes': {}, 'data': <HDF5 dataset "emission_range": shape (2,), type "<f8">}, 'excitation_lambda': root/general/optophysiology/NeuroPALImVol/CyOFP1/excitation_lambda DatasetBuilder {'attributes': {}, 'data': 488.0}, 'excitation_range': root/general/optophysiology/NeuroPALImVol/CyOFP1/excitation_range DatasetBuilder {'attributes': {}, 'data': <HDF5 dataset "excitation_range": shape (2,), type "<f8">}}, 'links': {}}, 'GFP-GCaMP': root/general/optophysiology/NeuroPALImVol/GFP-GCaMP GroupBuilder {'attributes': {'namespace': 'ndx-multichannel-volume', 'neurodata_type': 'OpticalChannelPlus', 'object_id': '321829e1-4105-4617-9f46-f619a2ab8857'}, 'groups': {}, 'datasets': {'description': root/general/optophysiology/NeuroPALImVol/GFP-GCaMP/description DatasetBuilder {'attributes': {}, 'data': 'Chroma ET 525/50'}, 'emission_lambda': root/general/optophysiology/NeuroPALImVol/GFP-GCaMP/emission_lambda DatasetBuilder {'attributes': {}, 'data': 525.0}, 'emission_range': root/general/optophysiology/NeuroPALImVol/GFP-GCaMP/emission_range DatasetBuilder {'attributes': {}, 'data': <HDF5 dataset "emission_range": shape (2,), type "<f8">}, 'excitation_lambda': root/general/optophysiology/NeuroPALImVol/GFP-GCaMP/excitation_lambda DatasetBuilder {'attributes': {}, 'data': 488.0}, 'excitation_range': root/general/optophysiology/NeuroPALImVol/GFP-GCaMP/excitation_range DatasetBuilder {'attributes': {}, 'data': <HDF5 dataset "excitation_range": shape (2,), type "<f8">}}, 'links': {}}, 'Tag RFP-T': root/general/optophysiology/NeuroPALImVol/Tag RFP-T GroupBuilder {'attributes': {'namespace': 'ndx-multichannel-volume', 'neurodata_type': 'OpticalChannelPlus', 'object_id': '4b25e342-4c2d-42a5-9187-7314fd569c70'}, 'groups': {}, 'datasets': {'description': root/general/optophysiology/NeuroPALImVol/Tag RFP-T/description DatasetBuilder {'attributes': {}, 'data': 'Chroma ET 605/70'}, 'emission_lambda': root/general/optophysiology/NeuroPALImVol/Tag RFP-T/emission_lambda DatasetBuilder {'attributes': {}, 'data': 605.0}, 'emission_range': root/general/optophysiology/NeuroPALImVol/Tag RFP-T/emission_range DatasetBuilder {'attributes': {}, 'data': <HDF5 dataset "emission_range": shape (2,), type "<f8">}, 'excitation_lambda': root/general/optophysiology/NeuroPALImVol/Tag RFP-T/excitation_lambda DatasetBuilder {'attributes': {}, 'data': 561.0}, 'excitation_range': root/general/optophysiology/NeuroPALImVol/Tag RFP-T/excitation_range DatasetBuilder {'attributes': {}, 'data': <HDF5 dataset "excitation_range": shape (2,), type "<f8">}}, 'links': {}}, 'mNeptune 2.5': root/general/optophysiology/NeuroPALImVol/mNeptune 2.5 GroupBuilder {'attributes': {'namespace': 'ndx-multichannel-volume', 'neurodata_type': 'OpticalChannelPlus', 'object_id': '17d9b43e-248c-447c-831e-d85500630eeb'}, 'groups': {}, 'datasets': {'description': root/general/optophysiology/NeuroPALImVol/mNeptune 2.5/description DatasetBuilder {'attributes': {}, 'data': 'Chroma ET 700/75'}, 'emission_lambda': root/general/optophysiology/NeuroPALImVol/mNeptune 2.5/emission_lambda DatasetBuilder {'attributes': {}, 'data': 700.0}, 'emission_range': root/general/optophysiology/NeuroPALImVol/mNeptune 2.5/emission_range DatasetBuilder {'attributes': {}, 'data': <HDF5 dataset "emission_range": shape (2,), type "<f8">}, 'excitation_lambda': root/general/optophysiology/NeuroPALImVol/mNeptune 2.5/excitation_lambda DatasetBuilder {'attributes': {}, 'data': 561.0}, 'excitation_range': root/general/optophysiology/NeuroPALImVol/mNeptune 2.5/excitation_range DatasetBuilder {'attributes': {}, 'data': <HDF5 dataset "excitation_range": shape (2,), type "<f8">}}, 'links': {}}, 'mNeptune 2.5-far red': root/general/optophysiology/NeuroPALImVol/mNeptune 2.5-far red GroupBuilder {'attributes': {'namespace': 'ndx-multichannel-volume', 'neurodata_type': 'OpticalChannelPlus', 'object_id': '07f420d2-3770-4845-a5ef-3ffd99800a76'}, 'groups': {}, 'datasets': {'description': root/general/optophysiology/NeuroPALImVol/mNeptune 2.5-far red/description DatasetBuilder {'attributes': {}, 'data': 'Chroma ET 700/75'}, 'emission_lambda': root/general/optophysiology/NeuroPALImVol/mNeptune 2.5-far red/emission_lambda DatasetBuilder {'attributes': {}, 'data': 700.0}, 'emission_range': root/general/optophysiology/NeuroPALImVol/mNeptune 2.5-far red/emission_range DatasetBuilder {'attributes': {}, 'data': <HDF5 dataset "emission_range": shape (2,), type "<f8">}, 'excitation_lambda': root/general/optophysiology/NeuroPALImVol/mNeptune 2.5-far red/excitation_lambda DatasetBuilder {'attributes': {}, 'data': 639.0}, 'excitation_range': root/general/optophysiology/NeuroPALImVol/mNeptune 2.5-far red/excitation_range DatasetBuilder {'attributes': {}, 'data': <HDF5 dataset "excitation_range": shape (2,), type "<f8">}}, 'links': {}}, 'mTagBFP2': root/general/optophysiology/NeuroPALImVol/mTagBFP2 GroupBuilder {'attributes': {'namespace': 'ndx-multichannel-volume', 'neurodata_type': 'OpticalChannelPlus', 'object_id': '82c8962d-1ef2-405a-89df-afff2dafb0d2'}, 'groups': {}, 'datasets': {'description': root/general/optophysiology/NeuroPALImVol/mTagBFP2/description DatasetBuilder {'attributes': {}, 'data': 'Chroma ET 460/50'}, 'emission_lambda': root/general/optophysiology/NeuroPALImVol/mTagBFP2/emission_lambda DatasetBuilder {'attributes': {}, 'data': 460.0}, 'emission_range': root/general/optophysiology/NeuroPALImVol/mTagBFP2/emission_range DatasetBuilder {'attributes': {}, 'data': <HDF5 dataset "emission_range": shape (2,), type "<f8">}, 'excitation_lambda': root/general/optophysiology/NeuroPALImVol/mTagBFP2/excitation_lambda DatasetBuilder {'attributes': {}, 'data': 405.0}, 'excitation_range': root/general/optophysiology/NeuroPALImVol/mTagBFP2/excitation_range DatasetBuilder {'attributes': {}, 'data': <HDF5 dataset "excitation_range": shape (2,), type "<f8">}}, 'links': {}}}, 'datasets': {'description': root/general/optophysiology/NeuroPALImVol/description DatasetBuilder {'attributes': {}, 'data': 'NeuroPAL image of C. elegans brain'}, 'excitation_lambda': root/general/optophysiology/NeuroPALImVol/excitation_lambda DatasetBuilder {'attributes': {}, 'data': 0.0}, 'grid_spacing': root/general/optophysiology/NeuroPALImVol/grid_spacing DatasetBuilder {'attributes': {'unit': 'micrometers'}, 'data': <HDF5 dataset "grid_spacing": shape (3,), type "<f8">}, 'indicator': root/general/optophysiology/NeuroPALImVol/indicator DatasetBuilder {'attributes': {}, 'data': ''}, 'location': root/general/optophysiology/NeuroPALImVol/location DatasetBuilder {'attributes': {}, 'data': 'head'}, 'origin_coords': root/general/optophysiology/NeuroPALImVol/origin_coords DatasetBuilder {'attributes': {'unit': 'micrometers'}, 'data': <HDF5 dataset "origin_coords": shape (3,), type "<f8">}, 'reference_frame': root/general/optophysiology/NeuroPALImVol/reference_frame DatasetBuilder {'attributes': {}, 'data': 'Worm head'}}, 'links': {'device': root/general/optophysiology/NeuroPALImVol/device LinkBuilder {'builder': root/general/devices/Spinning disk confocal GroupBuilder {'attributes': {'description': 'Leica DMi8 Inverted Microscope with Yokogawa CSU-W1 SoRA, 40x WI objective 1.1 NA', 'manufacturer': 'Leica, Yokogawa', 'namespace': 'core', 'neurodata_type': 'Device', 'object_id': 'af260345-d60f-4ef3-816a-cd2639404a0d'}, 'groups': {}, 'datasets': {}, 'links': {}}}, 'order_optical_channels': root/general/optophysiology/NeuroPALImVol/order_optical_channels LinkBuilder {'builder': root/processing/NeuroPAL/OpticalChannelRefs GroupBuilder {'attributes': {'namespace': 'ndx-multichannel-volume', 'neurodata_type': 'OpticalChannelReferences', 'object_id': '02fb4843-5a58-453a-a153-0a4688d9c93d'}, 'groups': {}, 'datasets': {'channels': root/processing/NeuroPAL/OpticalChannelRefs/channels DatasetBuilder {'attributes': {}, 'data': <StrDataset for HDF5 dataset "channels": shape (6,), type "|O">}}, 'links': {}}}}}, "Could not construct ImagingVolume object due to: Field 'order_optical_channels' on ImagingVolume must be named 'order_optical_channels'.")


0.1  /tmp/nwb_versions/sub-20221106-21-00-09_ses-20221106T210009_ophys.nwb: During io.read() - <class 'hdmf.build.errors.ConstructError'>: (root/general/optophysiology/NeuroPALImVol GroupBuilder {'attributes': {'namespace': 'ndx-multichannel-volume', 'neurodata_type': 'ImagingVolume', 'object_id': '3ece1e33-c75f-4e0a-a940-5331bb8f241b'}, 'groups': {'CyOFP1': root/general/optophysiology/NeuroPALImVol/CyOFP1 GroupBuilder {'attributes': {'namespace': 'ndx-multichannel-volume', 'neurodata_type': 'OpticalChannelPlus', 'object_id': 'd5ef4d47-2f36-4325-8bec-5153581e04fa'}, 'groups': {}, 'datasets': {'description': root/general/optophysiology/NeuroPALImVol/CyOFP1/description DatasetBuilder {'attributes': {}, 'data': 'Chroma ET 605/70'}, 'emission_lambda': root/general/optophysiology/NeuroPALImVol/CyOFP1/emission_lambda DatasetBuilder {'attributes': {}, 'data': 605.0}, 'emission_range': root/general/optophysiology/NeuroPALImVol/CyOFP1/emission_range DatasetBuilder {'attributes': {}, 'data': <HDF5 dataset "emission_range": shape (2,), type "<f8">}, 'excitation_lambda': root/general/optophysiology/NeuroPALImVol/CyOFP1/excitation_lambda DatasetBuilder {'attributes': {}, 'data': 488.0}, 'excitation_range': root/general/optophysiology/NeuroPALImVol/CyOFP1/excitation_range DatasetBuilder {'attributes': {}, 'data': <HDF5 dataset "excitation_range": shape (2,), type "<f8">}}, 'links': {}}, 'GFP-GCaMP': root/general/optophysiology/NeuroPALImVol/GFP-GCaMP GroupBuilder {'attributes': {'namespace': 'ndx-multichannel-volume', 'neurodata_type': 'OpticalChannelPlus', 'object_id': '4337b301-1932-4dcb-a275-bf4eb142bd4c'}, 'groups': {}, 'datasets': {'description': root/general/optophysiology/NeuroPALImVol/GFP-GCaMP/description DatasetBuilder {'attributes': {}, 'data': 'Chroma ET 525/50'}, 'emission_lambda': root/general/optophysiology/NeuroPALImVol/GFP-GCaMP/emission_lambda DatasetBuilder {'attributes': {}, 'data': 525.0}, 'emission_range': root/general/optophysiology/NeuroPALImVol/GFP-GCaMP/emission_range DatasetBuilder {'attributes': {}, 'data': <HDF5 dataset "emission_range": shape (2,), type "<f8">}, 'excitation_lambda': root/general/optophysiology/NeuroPALImVol/GFP-GCaMP/excitation_lambda DatasetBuilder {'attributes': {}, 'data': 488.0}, 'excitation_range': root/general/optophysiology/NeuroPALImVol/GFP-GCaMP/excitation_range DatasetBuilder {'attributes': {}, 'data': <HDF5 dataset "excitation_range": shape (2,), type "<f8">}}, 'links': {}}, 'Tag RFP-T': root/general/optophysiology/NeuroPALImVol/Tag RFP-T GroupBuilder {'attributes': {'namespace': 'ndx-multichannel-volume', 'neurodata_type': 'OpticalChannelPlus', 'object_id': 'fcad34ef-75a9-4dfe-9ec0-b5b8038c9b43'}, 'groups': {}, 'datasets': {'description': root/general/optophysiology/NeuroPALImVol/Tag RFP-T/description DatasetBuilder {'attributes': {}, 'data': 'Chroma ET 605/70'}, 'emission_lambda': root/general/optophysiology/NeuroPALImVol/Tag RFP-T/emission_lambda DatasetBuilder {'attributes': {}, 'data': 605.0}, 'emission_range': root/general/optophysiology/NeuroPALImVol/Tag RFP-T/emission_range DatasetBuilder {'attributes': {}, 'data': <HDF5 dataset "emission_range": shape (2,), type "<f8">}, 'excitation_lambda': root/general/optophysiology/NeuroPALImVol/Tag RFP-T/excitation_lambda DatasetBuilder {'attributes': {}, 'data': 561.0}, 'excitation_range': root/general/optophysiology/NeuroPALImVol/Tag RFP-T/excitation_range DatasetBuilder {'attributes': {}, 'data': <HDF5 dataset "excitation_range": shape (2,), type "<f8">}}, 'links': {}}, 'mNeptune 2.5': root/general/optophysiology/NeuroPALImVol/mNeptune 2.5 GroupBuilder {'attributes': {'namespace': 'ndx-multichannel-volume', 'neurodata_type': 'OpticalChannelPlus', 'object_id': 'b67bce94-8640-448c-ab7f-d911f523d0a0'}, 'groups': {}, 'datasets': {'description': root/general/optophysiology/NeuroPALImVol/mNeptune 2.5/description DatasetBuilder {'attributes': {}, 'data': 'Chroma ET 700/75'}, 'emission_lambda': root/general/optophysiology/NeuroPALImVol/mNeptune 2.5/emission_lambda DatasetBuilder {'attributes': {}, 'data': 700.0}, 'emission_range': root/general/optophysiology/NeuroPALImVol/mNeptune 2.5/emission_range DatasetBuilder {'attributes': {}, 'data': <HDF5 dataset "emission_range": shape (2,), type "<f8">}, 'excitation_lambda': root/general/optophysiology/NeuroPALImVol/mNeptune 2.5/excitation_lambda DatasetBuilder {'attributes': {}, 'data': 561.0}, 'excitation_range': root/general/optophysiology/NeuroPALImVol/mNeptune 2.5/excitation_range DatasetBuilder {'attributes': {}, 'data': <HDF5 dataset "excitation_range": shape (2,), type "<f8">}}, 'links': {}}, 'mNeptune 2.5-far red': root/general/optophysiology/NeuroPALImVol/mNeptune 2.5-far red GroupBuilder {'attributes': {'namespace': 'ndx-multichannel-volume', 'neurodata_type': 'OpticalChannelPlus', 'object_id': '3641f5d3-3192-44cb-a6dd-6afaffc34776'}, 'groups': {}, 'datasets': {'description': root/general/optophysiology/NeuroPALImVol/mNeptune 2.5-far red/description DatasetBuilder {'attributes': {}, 'data': 'Chroma ET 700/75'}, 'emission_lambda': root/general/optophysiology/NeuroPALImVol/mNeptune 2.5-far red/emission_lambda DatasetBuilder {'attributes': {}, 'data': 700.0}, 'emission_range': root/general/optophysiology/NeuroPALImVol/mNeptune 2.5-far red/emission_range DatasetBuilder {'attributes': {}, 'data': <HDF5 dataset "emission_range": shape (2,), type "<f8">}, 'excitation_lambda': root/general/optophysiology/NeuroPALImVol/mNeptune 2.5-far red/excitation_lambda DatasetBuilder {'attributes': {}, 'data': 639.0}, 'excitation_range': root/general/optophysiology/NeuroPALImVol/mNeptune 2.5-far red/excitation_range DatasetBuilder {'attributes': {}, 'data': <HDF5 dataset "excitation_range": shape (2,), type "<f8">}}, 'links': {}}, 'mTagBFP2': root/general/optophysiology/NeuroPALImVol/mTagBFP2 GroupBuilder {'attributes': {'namespace': 'ndx-multichannel-volume', 'neurodata_type': 'OpticalChannelPlus', 'object_id': '107147be-0c78-4d9b-8e75-71b3d29cf52b'}, 'groups': {}, 'datasets': {'description': root/general/optophysiology/NeuroPALImVol/mTagBFP2/description DatasetBuilder {'attributes': {}, 'data': 'Chroma ET 460/50'}, 'emission_lambda': root/general/optophysiology/NeuroPALImVol/mTagBFP2/emission_lambda DatasetBuilder {'attributes': {}, 'data': 460.0}, 'emission_range': root/general/optophysiology/NeuroPALImVol/mTagBFP2/emission_range DatasetBuilder {'attributes': {}, 'data': <HDF5 dataset "emission_range": shape (2,), type "<f8">}, 'excitation_lambda': root/general/optophysiology/NeuroPALImVol/mTagBFP2/excitation_lambda DatasetBuilder {'attributes': {}, 'data': 405.0}, 'excitation_range': root/general/optophysiology/NeuroPALImVol/mTagBFP2/excitation_range DatasetBuilder {'attributes': {}, 'data': <HDF5 dataset "excitation_range": shape (2,), type "<f8">}}, 'links': {}}}, 'datasets': {'description': root/general/optophysiology/NeuroPALImVol/description DatasetBuilder {'attributes': {}, 'data': 'NeuroPAL image of C. elegans brain'}, 'excitation_lambda': root/general/optophysiology/NeuroPALImVol/excitation_lambda DatasetBuilder {'attributes': {}, 'data': 0.0}, 'grid_spacing': root/general/optophysiology/NeuroPALImVol/grid_spacing DatasetBuilder {'attributes': {'unit': 'micrometers'}, 'data': <HDF5 dataset "grid_spacing": shape (3,), type "<f8">}, 'indicator': root/general/optophysiology/NeuroPALImVol/indicator DatasetBuilder {'attributes': {}, 'data': ''}, 'location': root/general/optophysiology/NeuroPALImVol/location DatasetBuilder {'attributes': {}, 'data': 'head'}, 'origin_coords': root/general/optophysiology/NeuroPALImVol/origin_coords DatasetBuilder {'attributes': {'unit': 'micrometers'}, 'data': <HDF5 dataset "origin_coords": shape (3,), type "<f8">}, 'reference_frame': root/general/optophysiology/NeuroPALImVol/reference_frame DatasetBuilder {'attributes': {}, 'data': 'Worm head'}}, 'links': {'device': root/general/optophysiology/NeuroPALImVol/device LinkBuilder {'builder': root/general/devices/Spinning disk confocal GroupBuilder {'attributes': {'description': 'Leica DMi8 Inverted Microscope with Yokogawa CSU-W1 SoRA, 40x WI objective 1.1 NA', 'manufacturer': 'Leica, Yokogawa', 'namespace': 'core', 'neurodata_type': 'Device', 'object_id': '7fe9fadd-357c-4053-a101-a37db3d62f5a'}, 'groups': {}, 'datasets': {}, 'links': {}}}, 'order_optical_channels': root/general/optophysiology/NeuroPALImVol/order_optical_channels LinkBuilder {'builder': root/processing/NeuroPAL/OpticalChannelRefs GroupBuilder {'attributes': {'namespace': 'ndx-multichannel-volume', 'neurodata_type': 'OpticalChannelReferences', 'object_id': '26459087-430d-4771-90d5-ad7a5ecc0068'}, 'groups': {}, 'datasets': {'channels': root/processing/NeuroPAL/OpticalChannelRefs/channels DatasetBuilder {'attributes': {}, 'data': <StrDataset for HDF5 dataset "channels": shape (6,), type "|O">}}, 'links': {}}}}}, "Could not construct ImagingVolume object due to: Field 'order_optical_channels' on ImagingVolume must be named 'order_optical_channels'.") - 'None' object with name 'None'
       Message: Traceback (most recent call last):
  File "/usr/lib/python3.11/site-packages/hdmf/build/objectmapper.py", line 1258, in construct
    obj = self.__new_container__(cls, builder.source, parent, builder.attributes.get(self.__spec.id_key()),
          ^^^^^^^^^^^^^^^^^^^^^^^^^^^^^^^^^^^^^^^^^^^^^^^^^^^^^^^^^^^^^^^^^^^^^^^^^^^^^^^^^^^^^^^^^^^^^^^^^
  File "/usr/lib/python3.11/site-packages/hdmf/build/objectmapper.py", line 1271, in __new_container__
    obj.__init__(**kwargs)
  File "/usr/lib/python3.11/site-packages/hdmf/utils.py", line 664, in func_call
    return func(args[0], **pargs)
           ^^^^^^^^^^^^^^^^^^^^^^
  File "/usr/lib/python3.11/site-packages/hdmf/build/classgenerator.py", line 339, in __init__
    setattr(self, f, arg_val)
  File "/usr/lib/python3.11/site-packages/hdmf/container.py", line 528, in container_setter
    ret[idx2](self, val)  # call the previous setter
    ^^^^^^^^^^^^^^^^^^^^
  File "/usr/lib/python3.11/site-packages/hdmf/container.py", line 518, in container_setter
    raise ValueError(msg)
ValueError: Field 'order_optical_channels' on ImagingVolume must be named 'order_optical_channels'.

The above exception was the direct cause of the following exception:

Traceback (most recent call last):
  File "/usr/lib/python3.11/site-packages/nwbinspector/nwbinspector.py", line 566, in inspect_nwbfile
    nwbfile_object = robust_s3_read(command=io.read, max_retries=max_retries)
                     ^^^^^^^^^^^^^^^^^^^^^^^^^^^^^^^^^^^^^^^^^^^^^^^^^^^^^^^^
  File "/usr/lib/python3.11/site-packages/nwbinspector/utils.py", line 173, in robust_s3_read
    raise exc
  File "/usr/lib/python3.11/site-packages/nwbinspector/utils.py", line 168, in robust_s3_read
    return command(*command_args, **command_kwargs)
           ^^^^^^^^^^^^^^^^^^^^^^^^^^^^^^^^^^^^^^^^
  File "/usr/lib/python3.11/site-packages/hdmf/backends/hdf5/h5tools.py", line 479, in read
    return super().read(**kwargs)
           ^^^^^^^^^^^^^^^^^^^^^^
  File "/usr/lib/python3.11/site-packages/hdmf/utils.py", line 664, in func_call
    return func(args[0], **pargs)
           ^^^^^^^^^^^^^^^^^^^^^^
  File "/usr/lib/python3.11/site-packages/hdmf/backends/io.py", line 60, in read
    container = self.__manager.construct(f_builder)
                ^^^^^^^^^^^^^^^^^^^^^^^^^^^^^^^^^^^
  File "/usr/lib/python3.11/site-packages/hdmf/utils.py", line 664, in func_call
    return func(args[0], **pargs)
           ^^^^^^^^^^^^^^^^^^^^^^
  File "/usr/lib/python3.11/site-packages/hdmf/build/manager.py", line 284, in construct
    result = self.__type_map.construct(builder, self, None)
             ^^^^^^^^^^^^^^^^^^^^^^^^^^^^^^^^^^^^^^^^^^^^^^
  File "/usr/lib/python3.11/site-packages/hdmf/utils.py", line 664, in func_call
    return func(args[0], **pargs)
           ^^^^^^^^^^^^^^^^^^^^^^
  File "/usr/lib/python3.11/site-packages/hdmf/build/manager.py", line 795, in construct
    return obj_mapper.construct(builder, build_manager, parent)
           ^^^^^^^^^^^^^^^^^^^^^^^^^^^^^^^^^^^^^^^^^^^^^^^^^^^^
  File "/usr/lib/python3.11/site-packages/hdmf/utils.py", line 664, in func_call
    return func(args[0], **pargs)
           ^^^^^^^^^^^^^^^^^^^^^^
  File "/usr/lib/python3.11/site-packages/hdmf/build/objectmapper.py", line 1228, in construct
    subspecs = self.__get_subspec_values(builder, self.spec, manager)
               ^^^^^^^^^^^^^^^^^^^^^^^^^^^^^^^^^^^^^^^^^^^^^^^^^^^^^^
  File "/usr/lib/python3.11/site-packages/hdmf/build/objectmapper.py", line 1157, in __get_subspec_values
    self.__get_sub_builders(groups, spec.groups, manager, ret)
  File "/usr/lib/python3.11/site-packages/hdmf/build/objectmapper.py", line 1208, in __get_sub_builders
    ret.update(self.__get_subspec_values(sub_builder, subspec, manager))
               ^^^^^^^^^^^^^^^^^^^^^^^^^^^^^^^^^^^^^^^^^^^^^^^^^^^^^^^^
  File "/usr/lib/python3.11/site-packages/hdmf/build/objectmapper.py", line 1157, in __get_subspec_values
    self.__get_sub_builders(groups, spec.groups, manager, ret)
  File "/usr/lib/python3.11/site-packages/hdmf/build/objectmapper.py", line 1200, in __get_sub_builders
    sub_builder = self.__flatten(sub_builder, subspec, manager)
                  ^^^^^^^^^^^^^^^^^^^^^^^^^^^^^^^^^^^^^^^^^^^^^
  File "/usr/lib/python3.11/site-packages/hdmf/build/objectmapper.py", line 1213, in __flatten
    tmp = [manager.construct(b) for b in sub_builder]
          ^^^^^^^^^^^^^^^^^^^^^^^^^^^^^^^^^^^^^^^^^^^
  File "/usr/lib/python3.11/site-packages/hdmf/build/objectmapper.py", line 1213, in <listcomp>
    tmp = [manager.construct(b) for b in sub_builder]
           ^^^^^^^^^^^^^^^^^^^^
  File "/usr/lib/python3.11/site-packages/hdmf/utils.py", line 664, in func_call
    return func(args[0], **pargs)
           ^^^^^^^^^^^^^^^^^^^^^^
  File "/usr/lib/python3.11/site-packages/hdmf/build/manager.py", line 280, in construct
    result = self.__type_map.construct(builder, self, parent)
             ^^^^^^^^^^^^^^^^^^^^^^^^^^^^^^^^^^^^^^^^^^^^^^^^
  File "/usr/lib/python3.11/site-packages/hdmf/utils.py", line 664, in func_call
    return func(args[0], **pargs)
           ^^^^^^^^^^^^^^^^^^^^^^
  File "/usr/lib/python3.11/site-packages/hdmf/build/manager.py", line 795, in construct
    return obj_mapper.construct(builder, build_manager, parent)
           ^^^^^^^^^^^^^^^^^^^^^^^^^^^^^^^^^^^^^^^^^^^^^^^^^^^^
  File "/usr/lib/python3.11/site-packages/hdmf/utils.py", line 664, in func_call
    return func(args[0], **pargs)
           ^^^^^^^^^^^^^^^^^^^^^^
  File "/usr/lib/python3.11/site-packages/hdmf/build/objectmapper.py", line 1228, in construct
    subspecs = self.__get_subspec_values(builder, self.spec, manager)
               ^^^^^^^^^^^^^^^^^^^^^^^^^^^^^^^^^^^^^^^^^^^^^^^^^^^^^^
  File "/usr/lib/python3.11/site-packages/hdmf/build/objectmapper.py", line 1151, in __get_subspec_values
    ret[subspec] = manager.construct(links[subspec.name].builder)
                   ^^^^^^^^^^^^^^^^^^^^^^^^^^^^^^^^^^^^^^^^^^^^^^
  File "/usr/lib/python3.11/site-packages/hdmf/utils.py", line 664, in func_call
    return func(args[0], **pargs)
           ^^^^^^^^^^^^^^^^^^^^^^
  File "/usr/lib/python3.11/site-packages/hdmf/build/manager.py", line 280, in construct
    result = self.__type_map.construct(builder, self, parent)
             ^^^^^^^^^^^^^^^^^^^^^^^^^^^^^^^^^^^^^^^^^^^^^^^^
  File "/usr/lib/python3.11/site-packages/hdmf/utils.py", line 664, in func_call
    return func(args[0], **pargs)
           ^^^^^^^^^^^^^^^^^^^^^^
  File "/usr/lib/python3.11/site-packages/hdmf/build/manager.py", line 795, in construct
    return obj_mapper.construct(builder, build_manager, parent)
           ^^^^^^^^^^^^^^^^^^^^^^^^^^^^^^^^^^^^^^^^^^^^^^^^^^^^
  File "/usr/lib/python3.11/site-packages/hdmf/utils.py", line 664, in func_call
    return func(args[0], **pargs)
           ^^^^^^^^^^^^^^^^^^^^^^
  File "/usr/lib/python3.11/site-packages/hdmf/build/objectmapper.py", line 1262, in construct
    raise ConstructError(builder, msg) from ex
hdmf.build.errors.ConstructError: (root/general/optophysiology/NeuroPALImVol GroupBuilder {'attributes': {'namespace': 'ndx-multichannel-volume', 'neurodata_type': 'ImagingVolume', 'object_id': '3ece1e33-c75f-4e0a-a940-5331bb8f241b'}, 'groups': {'CyOFP1': root/general/optophysiology/NeuroPALImVol/CyOFP1 GroupBuilder {'attributes': {'namespace': 'ndx-multichannel-volume', 'neurodata_type': 'OpticalChannelPlus', 'object_id': 'd5ef4d47-2f36-4325-8bec-5153581e04fa'}, 'groups': {}, 'datasets': {'description': root/general/optophysiology/NeuroPALImVol/CyOFP1/description DatasetBuilder {'attributes': {}, 'data': 'Chroma ET 605/70'}, 'emission_lambda': root/general/optophysiology/NeuroPALImVol/CyOFP1/emission_lambda DatasetBuilder {'attributes': {}, 'data': 605.0}, 'emission_range': root/general/optophysiology/NeuroPALImVol/CyOFP1/emission_range DatasetBuilder {'attributes': {}, 'data': <HDF5 dataset "emission_range": shape (2,), type "<f8">}, 'excitation_lambda': root/general/optophysiology/NeuroPALImVol/CyOFP1/excitation_lambda DatasetBuilder {'attributes': {}, 'data': 488.0}, 'excitation_range': root/general/optophysiology/NeuroPALImVol/CyOFP1/excitation_range DatasetBuilder {'attributes': {}, 'data': <HDF5 dataset "excitation_range": shape (2,), type "<f8">}}, 'links': {}}, 'GFP-GCaMP': root/general/optophysiology/NeuroPALImVol/GFP-GCaMP GroupBuilder {'attributes': {'namespace': 'ndx-multichannel-volume', 'neurodata_type': 'OpticalChannelPlus', 'object_id': '4337b301-1932-4dcb-a275-bf4eb142bd4c'}, 'groups': {}, 'datasets': {'description': root/general/optophysiology/NeuroPALImVol/GFP-GCaMP/description DatasetBuilder {'attributes': {}, 'data': 'Chroma ET 525/50'}, 'emission_lambda': root/general/optophysiology/NeuroPALImVol/GFP-GCaMP/emission_lambda DatasetBuilder {'attributes': {}, 'data': 525.0}, 'emission_range': root/general/optophysiology/NeuroPALImVol/GFP-GCaMP/emission_range DatasetBuilder {'attributes': {}, 'data': <HDF5 dataset "emission_range": shape (2,), type "<f8">}, 'excitation_lambda': root/general/optophysiology/NeuroPALImVol/GFP-GCaMP/excitation_lambda DatasetBuilder {'attributes': {}, 'data': 488.0}, 'excitation_range': root/general/optophysiology/NeuroPALImVol/GFP-GCaMP/excitation_range DatasetBuilder {'attributes': {}, 'data': <HDF5 dataset "excitation_range": shape (2,), type "<f8">}}, 'links': {}}, 'Tag RFP-T': root/general/optophysiology/NeuroPALImVol/Tag RFP-T GroupBuilder {'attributes': {'namespace': 'ndx-multichannel-volume', 'neurodata_type': 'OpticalChannelPlus', 'object_id': 'fcad34ef-75a9-4dfe-9ec0-b5b8038c9b43'}, 'groups': {}, 'datasets': {'description': root/general/optophysiology/NeuroPALImVol/Tag RFP-T/description DatasetBuilder {'attributes': {}, 'data': 'Chroma ET 605/70'}, 'emission_lambda': root/general/optophysiology/NeuroPALImVol/Tag RFP-T/emission_lambda DatasetBuilder {'attributes': {}, 'data': 605.0}, 'emission_range': root/general/optophysiology/NeuroPALImVol/Tag RFP-T/emission_range DatasetBuilder {'attributes': {}, 'data': <HDF5 dataset "emission_range": shape (2,), type "<f8">}, 'excitation_lambda': root/general/optophysiology/NeuroPALImVol/Tag RFP-T/excitation_lambda DatasetBuilder {'attributes': {}, 'data': 561.0}, 'excitation_range': root/general/optophysiology/NeuroPALImVol/Tag RFP-T/excitation_range DatasetBuilder {'attributes': {}, 'data': <HDF5 dataset "excitation_range": shape (2,), type "<f8">}}, 'links': {}}, 'mNeptune 2.5': root/general/optophysiology/NeuroPALImVol/mNeptune 2.5 GroupBuilder {'attributes': {'namespace': 'ndx-multichannel-volume', 'neurodata_type': 'OpticalChannelPlus', 'object_id': 'b67bce94-8640-448c-ab7f-d911f523d0a0'}, 'groups': {}, 'datasets': {'description': root/general/optophysiology/NeuroPALImVol/mNeptune 2.5/description DatasetBuilder {'attributes': {}, 'data': 'Chroma ET 700/75'}, 'emission_lambda': root/general/optophysiology/NeuroPALImVol/mNeptune 2.5/emission_lambda DatasetBuilder {'attributes': {}, 'data': 700.0}, 'emission_range': root/general/optophysiology/NeuroPALImVol/mNeptune 2.5/emission_range DatasetBuilder {'attributes': {}, 'data': <HDF5 dataset "emission_range": shape (2,), type "<f8">}, 'excitation_lambda': root/general/optophysiology/NeuroPALImVol/mNeptune 2.5/excitation_lambda DatasetBuilder {'attributes': {}, 'data': 561.0}, 'excitation_range': root/general/optophysiology/NeuroPALImVol/mNeptune 2.5/excitation_range DatasetBuilder {'attributes': {}, 'data': <HDF5 dataset "excitation_range": shape (2,), type "<f8">}}, 'links': {}}, 'mNeptune 2.5-far red': root/general/optophysiology/NeuroPALImVol/mNeptune 2.5-far red GroupBuilder {'attributes': {'namespace': 'ndx-multichannel-volume', 'neurodata_type': 'OpticalChannelPlus', 'object_id': '3641f5d3-3192-44cb-a6dd-6afaffc34776'}, 'groups': {}, 'datasets': {'description': root/general/optophysiology/NeuroPALImVol/mNeptune 2.5-far red/description DatasetBuilder {'attributes': {}, 'data': 'Chroma ET 700/75'}, 'emission_lambda': root/general/optophysiology/NeuroPALImVol/mNeptune 2.5-far red/emission_lambda DatasetBuilder {'attributes': {}, 'data': 700.0}, 'emission_range': root/general/optophysiology/NeuroPALImVol/mNeptune 2.5-far red/emission_range DatasetBuilder {'attributes': {}, 'data': <HDF5 dataset "emission_range": shape (2,), type "<f8">}, 'excitation_lambda': root/general/optophysiology/NeuroPALImVol/mNeptune 2.5-far red/excitation_lambda DatasetBuilder {'attributes': {}, 'data': 639.0}, 'excitation_range': root/general/optophysiology/NeuroPALImVol/mNeptune 2.5-far red/excitation_range DatasetBuilder {'attributes': {}, 'data': <HDF5 dataset "excitation_range": shape (2,), type "<f8">}}, 'links': {}}, 'mTagBFP2': root/general/optophysiology/NeuroPALImVol/mTagBFP2 GroupBuilder {'attributes': {'namespace': 'ndx-multichannel-volume', 'neurodata_type': 'OpticalChannelPlus', 'object_id': '107147be-0c78-4d9b-8e75-71b3d29cf52b'}, 'groups': {}, 'datasets': {'description': root/general/optophysiology/NeuroPALImVol/mTagBFP2/description DatasetBuilder {'attributes': {}, 'data': 'Chroma ET 460/50'}, 'emission_lambda': root/general/optophysiology/NeuroPALImVol/mTagBFP2/emission_lambda DatasetBuilder {'attributes': {}, 'data': 460.0}, 'emission_range': root/general/optophysiology/NeuroPALImVol/mTagBFP2/emission_range DatasetBuilder {'attributes': {}, 'data': <HDF5 dataset "emission_range": shape (2,), type "<f8">}, 'excitation_lambda': root/general/optophysiology/NeuroPALImVol/mTagBFP2/excitation_lambda DatasetBuilder {'attributes': {}, 'data': 405.0}, 'excitation_range': root/general/optophysiology/NeuroPALImVol/mTagBFP2/excitation_range DatasetBuilder {'attributes': {}, 'data': <HDF5 dataset "excitation_range": shape (2,), type "<f8">}}, 'links': {}}}, 'datasets': {'description': root/general/optophysiology/NeuroPALImVol/description DatasetBuilder {'attributes': {}, 'data': 'NeuroPAL image of C. elegans brain'}, 'excitation_lambda': root/general/optophysiology/NeuroPALImVol/excitation_lambda DatasetBuilder {'attributes': {}, 'data': 0.0}, 'grid_spacing': root/general/optophysiology/NeuroPALImVol/grid_spacing DatasetBuilder {'attributes': {'unit': 'micrometers'}, 'data': <HDF5 dataset "grid_spacing": shape (3,), type "<f8">}, 'indicator': root/general/optophysiology/NeuroPALImVol/indicator DatasetBuilder {'attributes': {}, 'data': ''}, 'location': root/general/optophysiology/NeuroPALImVol/location DatasetBuilder {'attributes': {}, 'data': 'head'}, 'origin_coords': root/general/optophysiology/NeuroPALImVol/origin_coords DatasetBuilder {'attributes': {'unit': 'micrometers'}, 'data': <HDF5 dataset "origin_coords": shape (3,), type "<f8">}, 'reference_frame': root/general/optophysiology/NeuroPALImVol/reference_frame DatasetBuilder {'attributes': {}, 'data': 'Worm head'}}, 'links': {'device': root/general/optophysiology/NeuroPALImVol/device LinkBuilder {'builder': root/general/devices/Spinning disk confocal GroupBuilder {'attributes': {'description': 'Leica DMi8 Inverted Microscope with Yokogawa CSU-W1 SoRA, 40x WI objective 1.1 NA', 'manufacturer': 'Leica, Yokogawa', 'namespace': 'core', 'neurodata_type': 'Device', 'object_id': '7fe9fadd-357c-4053-a101-a37db3d62f5a'}, 'groups': {}, 'datasets': {}, 'links': {}}}, 'order_optical_channels': root/general/optophysiology/NeuroPALImVol/order_optical_channels LinkBuilder {'builder': root/processing/NeuroPAL/OpticalChannelRefs GroupBuilder {'attributes': {'namespace': 'ndx-multichannel-volume', 'neurodata_type': 'OpticalChannelReferences', 'object_id': '26459087-430d-4771-90d5-ad7a5ecc0068'}, 'groups': {}, 'datasets': {'channels': root/processing/NeuroPAL/OpticalChannelRefs/channels DatasetBuilder {'attributes': {}, 'data': <StrDataset for HDF5 dataset "channels": shape (6,), type "|O">}}, 'links': {}}}}}, "Could not construct ImagingVolume object due to: Field 'order_optical_channels' on ImagingVolume must be named 'order_optical_channels'.")


